<?xml version="1.0" encoding="UTF-8"?>
<!-- Generated by org.testng.reporters.JUnitReportReporter -->
<testsuite hostname="BIJAN" failures="0" tests="1" name="genericcodes.BaseClass" time="14.884" errors="0" timestamp="2021-04-30T20:57:33 IST" skipped="0">
  <testcase classname="genericcodes.BaseClass" name="configAM" time="14.884"/>
  <system-out/>
</testsuite> <!-- genericcodes.BaseClass -->
