<?xml version="1.0" encoding="UTF-8"?>
<!-- Generated by org.testng.reporters.JUnitReportReporter -->
<testsuite hostname="BIJAN" failures="0" tests="1" name="com.genericcodes.BaseClass" time="13.880" errors="0" timestamp="2021-05-02T14:20:36 IST" skipped="0">
  <testcase classname="com.genericcodes.BaseClass" name="configBM" time="13.880"/>
  <system-out/>
</testsuite> <!-- com.genericcodes.BaseClass -->
